2024.07.11 14:54:49 INFO  Started: Metals version 1.3.2 in folders 'D:\UCSC\Year 2\Functional Programming\Practical\22002202_practical4' for client Visual Studio Code 1.91.0.
SLF4J(W): Class path contains multiple SLF4J providers.
SLF4J(W): Found provider [scribe.slf4j.ScribeServiceProvider@9fddbc9]
SLF4J(W): Found provider [ch.qos.logback.classic.spi.LogbackServiceProvider@c7a55d2]
SLF4J(W): See https://www.slf4j.org/codes.html#multiple_bindings for an explanation.
SLF4J(I): Actual provider is of type [scribe.slf4j.ScribeServiceProvider@9fddbc9]
2024.07.11 14:54:51 WARN  Flyway upgrade recommended: H2 2.2.224 is newer than this version of Flyway and support has not been tested. The latest supported version of H2 is 2.2.220.
2024.07.11 14:54:55 INFO  no build target found for D:\UCSC\Year 2\Functional Programming\Practical\22002202_practical4\q1.scala. Using presentation compiler with project's scala-library version: 3.3.3
2024.07.11 14:54:59 INFO  Running List(C:\Users\admin\AppData\Local\Coursier\data\bin\scala-cli.BAT, setup-ide, D:\UCSC\Year 2\Functional Programming\Practical\22002202_practical4)
2024.07.11 14:54:59 INFO  Attempting to connect to the build server...
2024.07.11 14:54:59 INFO  Running BSP server List(C:\Users\admin\AppData\Local\Coursier\data\bin\.scala-cli.aux.exe, bsp, --json-options, D:\UCSC\Year 2\Functional Programming\Practical\22002202_practical4\.scala-build\ide-options-v2.json, --json-launcher-options, D:\UCSC\Year 2\Functional Programming\Practical\22002202_practical4\.scala-build\ide-launcher-options.json, --envs-file, D:\UCSC\Year 2\Functional Programming\Practical\22002202_practical4\.scala-build\ide-envs.json, D:\UCSC\Year 2\Functional Programming\Practical\22002202_practical4)
2024.07.11 14:55:00 INFO  tracing is disabled for protocol BSP, to enable tracing of incoming and outgoing JSON messages create an empty file at D:\UCSC\Year 2\Functional Programming\Practical\22002202_practical4\.metals\bsp.trace.json or C:\Users\admin\AppData\Local\scalameta\metals\cache\bsp.trace.json
2024.07.11 14:55:15 INFO  BSP server: Starting compilation server
2024.07.11 14:55:43 INFO  time: Connected to build server in 42s
2024.07.11 14:55:43 INFO  Connected to Build server: scala-cli v1.3.2
2024.07.11 14:55:44 INFO  no build target found for D:\UCSC\Year 2\Functional Programming\Practical\22002202_practical4\q1.scala. Using presentation compiler with project's scala-library version: 3.3.3
2024.07.11 14:55:44 INFO  no build target found for D:\UCSC\Year 2\Functional Programming\Practical\22002202_practical4\q1.scala. Using presentation compiler with project's scala-library version: 3.3.3
2024.07.11 14:55:44 INFO  no build target found for D:\UCSC\Year 2\Functional Programming\Practical\22002202_practical4\q1.scala. Using presentation compiler with project's scala-library version: 3.3.3
2024.07.11 14:55:46 INFO  no build target found for D:\UCSC\Year 2\Functional Programming\Practical\22002202_practical4\q1.scala. Using presentation compiler with project's scala-library version: 3.3.3
2024.07.11 14:55:46 INFO  no build target found for D:\UCSC\Year 2\Functional Programming\Practical\22002202_practical4\q1.scala. Using presentation compiler with project's scala-library version: 3.3.3
2024.07.11 14:55:47 INFO  no build target found for D:\UCSC\Year 2\Functional Programming\Practical\22002202_practical4\q1.scala. Using presentation compiler with project's scala-library version: 3.3.3
2024.07.11 14:55:48 INFO  compiling 22002202_practical4_f4dd477a3a (3 scala sources)
2024.07.11 14:55:51 INFO  no build target found for D:\UCSC\Year 2\Functional Programming\Practical\22002202_practical4\q1.scala. Using presentation compiler with project's scala-library version: 3.3.3
2024.07.11 14:55:53 INFO  no build target found for D:\UCSC\Year 2\Functional Programming\Practical\22002202_practical4\q1.scala. Using presentation compiler with project's scala-library version: 3.3.3
2024.07.11 14:55:55 INFO  no build target found for D:\UCSC\Year 2\Functional Programming\Practical\22002202_practical4\q1.scala. Using presentation compiler with project's scala-library version: 3.3.3
2024.07.11 14:55:57 INFO  no build target found for D:\UCSC\Year 2\Functional Programming\Practical\22002202_practical4\q1.scala. Using presentation compiler with project's scala-library version: 3.3.3
2024.07.11 14:55:59 INFO  no build target found for D:\UCSC\Year 2\Functional Programming\Practical\22002202_practical4\q1.scala. Using presentation compiler with project's scala-library version: 3.3.3
Jul 11, 2024 2:55:59 PM org.eclipse.lsp4j.jsonrpc.RemoteEndpoint handleCancellation
WARNING: Unmatched cancel notification for request id 26
2024.07.11 14:56:01 INFO  no build target found for D:\UCSC\Year 2\Functional Programming\Practical\22002202_practical4\q1.scala. Using presentation compiler with project's scala-library version: 3.3.3
2024.07.11 14:56:03 INFO  no build target found for D:\UCSC\Year 2\Functional Programming\Practical\22002202_practical4\q1.scala. Using presentation compiler with project's scala-library version: 3.3.3
2024.07.11 14:56:05 INFO  no build target found for D:\UCSC\Year 2\Functional Programming\Practical\22002202_practical4\q1.scala. Using presentation compiler with project's scala-library version: 3.3.3
2024.07.11 14:56:05 INFO  no build target found for D:\UCSC\Year 2\Functional Programming\Practical\22002202_practical4\q1.scala. Using presentation compiler with project's scala-library version: 3.3.3
2024.07.11 14:56:07 INFO  no build target found for D:\UCSC\Year 2\Functional Programming\Practical\22002202_practical4\q1.scala. Using presentation compiler with project's scala-library version: 3.3.3
2024.07.11 14:56:08 INFO  no build target found for D:\UCSC\Year 2\Functional Programming\Practical\22002202_practical4\q1.scala. Using presentation compiler with project's scala-library version: 3.3.3
2024.07.11 14:56:08 INFO  no build target found for D:\UCSC\Year 2\Functional Programming\Practical\22002202_practical4\q1.scala. Using presentation compiler with project's scala-library version: 3.3.3
2024.07.11 14:56:10 INFO  time: Imported build in 27s
Jul 11, 2024 2:56:17 PM org.eclipse.lsp4j.jsonrpc.RemoteEndpoint handleCancellation
WARNING: Unmatched cancel notification for request id 56
Jul 11, 2024 2:56:17 PM org.eclipse.lsp4j.jsonrpc.RemoteEndpoint handleCancellation
WARNING: Unmatched cancel notification for request id 60
Jul 11, 2024 2:56:18 PM org.eclipse.lsp4j.jsonrpc.RemoteEndpoint handleCancellation
WARNING: Unmatched cancel notification for request id 67
2024.07.11 14:56:30 INFO  time: indexed workspace in 20s
2024.07.11 14:56:33 INFO  time: code lens generation in 1.05s
2024.07.11 14:56:33 INFO  time: code lens generation in 1.05s
2024.07.11 14:56:33 INFO  time: code lens generation in 1.06s
2024.07.11 14:56:33 INFO  time: code lens generation in 1.04s
2024.07.11 14:56:33 INFO  time: code lens generation in 1.05s
2024.07.11 14:56:33 INFO  time: code lens generation in 1.05s
2024.07.11 14:56:33 INFO  time: code lens generation in 1.06s
2024.07.11 14:56:33 INFO  time: code lens generation in 1.05s
2024.07.11 14:56:33 INFO  time: code lens generation in 1.05s
2024.07.11 14:56:33 INFO  time: code lens generation in 1.05s
2024.07.11 14:56:33 INFO  time: code lens generation in 1.05s
2024.07.11 14:56:33 INFO  time: code lens generation in 1.06s
2024.07.11 14:56:33 INFO  time: code lens generation in 1.06s
2024.07.11 14:56:33 INFO  time: code lens generation in 1.07s
2024.07.11 14:56:33 INFO  time: code lens generation in 1.06s
2024.07.11 14:56:33 INFO  time: code lens generation in 1.04s
2024.07.11 14:56:33 INFO  time: code lens generation in 1.1s
2024.07.11 15:00:50 INFO  compiling 22002202_practical4_f4dd477a3a (1 scala source)
2024.07.11 15:00:55 INFO  time: compiled 22002202_practical4_f4dd477a3a in 4.47s
2024.07.11 15:13:35 ERROR Failed to tokenize input for semantic tokens for D:\UCSC\Year 2\Functional Programming\Practical\22002202_practical4\q1.scala
scala.meta.tokenizers.TokenizeException: <input>:58: error: unclosed string literal
    println("How many items do you want to buy : \")
            ^
	at scala.meta.internal.tokenizers.Reporter.syntaxError(Reporter.scala:23)
	at scala.meta.internal.tokenizers.Reporter.syntaxError$(Reporter.scala:23)
	at scala.meta.internal.tokenizers.Reporter$$anon$1.syntaxError(Reporter.scala:32)
	at scala.meta.internal.tokenizers.Reporter.syntaxError(Reporter.scala:25)
	at scala.meta.internal.tokenizers.Reporter.syntaxError$(Reporter.scala:25)
	at scala.meta.internal.tokenizers.Reporter$$anon$1.syntaxError(Reporter.scala:32)
	at scala.meta.internal.tokenizers.LegacyScanner.getStringLit(LegacyScanner.scala:509)
	at scala.meta.internal.tokenizers.LegacyScanner.fetchDoubleQuote$1(LegacyScanner.scala:361)
	at scala.meta.internal.tokenizers.LegacyScanner.fetchToken(LegacyScanner.scala:363)
	at scala.meta.internal.tokenizers.LegacyScanner.nextToken(LegacyScanner.scala:201)
	at scala.meta.internal.tokenizers.LegacyScanner.foreach(LegacyScanner.scala:912)
	at scala.meta.internal.tokenizers.ScalametaTokenizer.uncachedTokenize(ScalametaTokenizer.scala:23)
	at scala.meta.internal.tokenizers.ScalametaTokenizer.$anonfun$tokenize$1(ScalametaTokenizer.scala:17)
	at scala.collection.concurrent.TrieMap.getOrElseUpdate(TrieMap.scala:960)
	at scala.meta.internal.tokenizers.ScalametaTokenizer.tokenize(ScalametaTokenizer.scala:17)
	at scala.meta.internal.tokenizers.ScalametaTokenizer$$anon$2.apply(ScalametaTokenizer.scala:322)
	at scala.meta.tokenizers.Api$XtensionTokenizeDialectInput.tokenize(Api.scala:22)
	at scala.meta.tokenizers.Api$XtensionTokenizeInputLike.tokenize(Api.scala:13)
	at scala.meta.internal.metals.SemanticTokensProvider$.getTokens(SemanticTokensProvider.scala:28)
	at scala.meta.internal.metals.SemanticTokensProvider$.provide(SemanticTokensProvider.scala:89)
	at scala.meta.internal.metals.Compilers.$anonfun$semanticTokens$3(Compilers.scala:545)
	at scala.concurrent.impl.Promise$Transformation.run(Promise.scala:467)
	at java.util.concurrent.ThreadPoolExecutor.runWorker(ThreadPoolExecutor.java:1136)
	at java.util.concurrent.ThreadPoolExecutor$Worker.run(ThreadPoolExecutor.java:635)
	at java.lang.Thread.run(Thread.java:833)

2024.07.11 15:14:46 INFO  compiling 22002202_practical4_f4dd477a3a (1 scala source)
2024.07.11 15:14:46 INFO  time: compiled 22002202_practical4_f4dd477a3a in 0.5s
2024.07.11 15:15:45 INFO  compiling 22002202_practical4_f4dd477a3a (1 scala source)
2024.07.11 15:15:45 INFO  time: compiled 22002202_practical4_f4dd477a3a in 0.69s
